<?xml version="1.0" encoding="UTF-8"?>
<beans xmlns="http://www.springframework.org/schema/beans"
       xmlns:xsi="http://www.w3.org/2001/XMLSchema-instance" xmlns:mvc="http://www.springframework.org/schema/mvc"
       xmlns:context="http://www.springframework.org/schema/context"
       xsi:schemaLocation="http://www.springframework.org/schema/beans
       http://www.springframework.org/schema/beans/spring-beans.xsd http://www.springframework.org/schema/mvc http://www.springframework.org/schema/mvc/spring-mvc.xsd http://www.springframework.org/schema/context http://www.springframework.org/schema/context/spring-context.xsd">

    <import resource="classpath*:test-spring-db.xml"/>

    <mvc:annotation-driven />
    <context:component-scan base-package="com.about.java.dao"/>

    <!--<bean id="careDAO" class="com.about.java.dao.implement.CareDAOImpl">-->
        <!--<constructor-arg ref="dataSource"/>-->
    <!--</bean>-->

    <!--<bean id="treeDAO" class="com.about.java.dao.implement.TreeDAOImpl">-->
        <!--<constructor-arg ref="dataSource"/>-->
    <!--</bean>-->

    <!--<bean id="poisonDAO" class="com.about.java.dao.implement.PoisonDAOImpl">-->
        <!--<constructor-arg ref="dataSource"/>-->
    <!--</bean>-->

    <!--<bean id="pestDAO" class="com.about.java.dao.implement.PestDAOImpl">-->
        <!--<constructor-arg ref="dataSource"/>-->
    <!--</bean>-->

</beans>